<?xml version="1.0" encoding="UTF-8"?>
<testsuite name="edu.jsu.mcis.MachineShopTest" tests="1" skipped="0" failures="0" errors="0" timestamp="2017-10-27T01:31:20" hostname="PierceMobile" time="0.02">
  <properties/>
  <testcase name="testTaskConstructorAndGetter" classname="edu.jsu.mcis.MachineShopTest" time="0.02"/>
  <system-out><![CDATA[]]></system-out>
  <system-err><![CDATA[]]></system-err>
</testsuite>
