<?xml version="1.0" encoding="UTF-8"?>
<testsuite name="edu.jsu.mcis.MachineShopTest" tests="3" skipped="0" failures="0" errors="0" timestamp="2017-10-27T22:21:47" hostname="PierceMobile" time="0.013">
  <properties/>
  <testcase name="testJobGetsTimeLeftAndNumJobs" classname="edu.jsu.mcis.MachineShopTest" time="0.009"/>
  <testcase name="testJobConstructorAndGetter" classname="edu.jsu.mcis.MachineShopTest" time="0.0"/>
  <testcase name="testTaskConstructorAndGetter" classname="edu.jsu.mcis.MachineShopTest" time="0.0"/>
  <system-out><![CDATA[]]></system-out>
  <system-err><![CDATA[]]></system-err>
</testsuite>
