<?xml version="1.0" encoding="UTF-8"?>
<testsuite name="edu.jsu.mcis.MachineTest" tests="4" skipped="0" failures="0" errors="0" timestamp="2017-10-27T22:21:48" hostname="PierceMobile" time="0.009">
  <properties/>
  <testcase name="testAddTaskAddsTask" classname="edu.jsu.mcis.MachineTest" time="0.003"/>
  <testcase name="testCreateMachineNameAndDowntime" classname="edu.jsu.mcis.MachineTest" time="0.0"/>
  <testcase name="testSetDowntimeSetsDowntime" classname="edu.jsu.mcis.MachineTest" time="0.001"/>
  <testcase name="testCreateMachineNameOnly" classname="edu.jsu.mcis.MachineTest" time="0.002"/>
  <system-out><![CDATA[]]></system-out>
  <system-err><![CDATA[]]></system-err>
</testsuite>
