<?xml version="1.0" encoding="UTF-8"?>
<testsuite name="edu.jsu.mcis.MachineShopTest" tests="1" skipped="0" failures="0" errors="0" timestamp="2017-10-27T00:26:54" hostname="DESKTOP-7HJH46U" time="0.0">
  <properties/>
  <testcase name="testTaskConstructorAndGetter" classname="edu.jsu.mcis.MachineShopTest" time="0.0"/>
  <system-out><![CDATA[]]></system-out>
  <system-err><![CDATA[]]></system-err>
</testsuite>
